[2024-04-23 15:57:07,246: INFO: main: welcome to logger]
[2024-04-23 15:57:52,465: INFO: main: welcome to logger]
[2024-04-23 17:40:32,057: INFO: main: welcome to logger]
[2024-04-23 17:41:06,401: INFO: common: yaml file: config\config.yaml loaded successfully]
[2024-04-23 17:43:01,972: INFO: common: yaml file: config\config.yaml loaded successfully]
[2024-04-23 17:45:19,783: INFO: common: yaml file: config\config.yaml loaded successfully]
[2024-04-23 17:45:19,786: INFO: common: yaml file: params.yaml loaded successfully]
[2024-04-23 17:45:19,787: INFO: common: created directory at: artifacts]
[2024-04-23 17:45:19,789: INFO: common: created directory at: artifacts/data_ingestion]
[2024-04-23 17:45:19,790: INFO: 1531473034: Downloading data from https://drive.google.com/file/d/1vlhZ5c7abUKF8xXERIw6m9Te8fW7ohw3/view?usp=sharing into file artifacts/data_ingestion/data.zip]
[2024-04-23 17:45:37,439: INFO: 1531473034: Downloaded data from https://drive.google.com/file/d/1vlhZ5c7abUKF8xXERIw6m9Te8fW7ohw3/view?usp=sharing into file artifacts/data_ingestion/data.zip]
[2024-04-23 21:07:12,216: INFO: common: yaml file: config\config.yaml loaded successfully]
[2024-04-23 21:07:12,219: INFO: common: yaml file: params.yaml loaded successfully]
[2024-04-23 21:07:12,221: INFO: common: created directory at: artifacts]
[2024-04-23 21:14:22,822: INFO: common: yaml file: config\config.yaml loaded successfully]
[2024-04-23 21:14:22,824: INFO: common: yaml file: params.yaml loaded successfully]
[2024-04-23 21:14:22,826: INFO: common: created directory at: artifacts]
[2024-04-23 21:36:15,240: INFO: common: yaml file: config\config.yaml loaded successfully]
[2024-04-23 21:36:15,243: INFO: common: yaml file: params.yaml loaded successfully]
[2024-04-23 21:36:15,245: INFO: common: created directory at: artifacts]
[2024-04-23 21:38:16,368: INFO: common: yaml file: config\config.yaml loaded successfully]
[2024-04-23 21:38:16,370: INFO: common: yaml file: params.yaml loaded successfully]
[2024-04-23 21:38:16,371: INFO: common: created directory at: artifacts]
[2024-04-23 21:38:52,503: INFO: common: yaml file: config\config.yaml loaded successfully]
[2024-04-23 21:38:52,506: INFO: common: yaml file: params.yaml loaded successfully]
[2024-04-23 21:38:52,508: INFO: common: created directory at: artifacts]
[2024-04-23 22:40:44,293: INFO: common: yaml file: config\config.yaml loaded successfully]
[2024-04-23 22:40:44,296: INFO: common: yaml file: params.yaml loaded successfully]
[2024-04-23 22:40:44,297: INFO: common: created directory at: artifacts]
[2024-04-23 22:40:44,299: INFO: common: created directory at: artifacts/prepare_base_model]
[2024-04-23 22:41:02,143: WARNING: saving_utils: Compiled the loaded model, but the compiled metrics have yet to be built. `model.compile_metrics` will be empty until you train or evaluate the model.]
[2024-04-24 07:27:11,119: INFO: main: welcome to logger]
[2024-04-24 07:32:57,753: INFO: stage_01_data_ingestion: >>>>>> stage Data Ingestion stage started <<<<<<]
[2024-04-24 07:32:57,755: INFO: common: yaml file: config\config.yaml loaded successfully]
[2024-04-24 07:32:57,756: INFO: common: yaml file: params.yaml loaded successfully]
[2024-04-24 07:32:57,757: INFO: common: created directory at: artifacts]
[2024-04-24 07:32:57,758: INFO: common: created directory at: artifacts/data_ingestion]
[2024-04-24 07:32:57,758: INFO: data_ingestion: Downloading data from https://drive.google.com/file/d/1vlhZ5c7abUKF8xXERIw6m9Te8fW7ohw3/view?usp=sharing into file artifacts/data_ingestion/data.zip]
[2024-04-24 07:33:15,188: INFO: data_ingestion: Downloaded data from https://drive.google.com/file/d/1vlhZ5c7abUKF8xXERIw6m9Te8fW7ohw3/view?usp=sharing into file artifacts/data_ingestion/data.zip]
[2024-04-24 07:33:16,265: INFO: stage_01_data_ingestion: >>>>>> stage Data Ingestion stage completed <<<<<<

x==========x]
[2024-04-24 07:35:58,193: INFO: stage_02_prepare_base_model: *******************]
[2024-04-24 07:35:58,193: INFO: stage_02_prepare_base_model: >>>>>> stage Prepare base model started <<<<<<]
[2024-04-24 07:35:58,194: INFO: common: yaml file: config\config.yaml loaded successfully]
[2024-04-24 07:35:58,196: INFO: common: yaml file: params.yaml loaded successfully]
[2024-04-24 07:35:58,197: INFO: common: created directory at: artifacts]
[2024-04-24 07:35:58,197: INFO: common: created directory at: artifacts/prepare_base_model]
[2024-04-24 07:35:58,623: WARNING: saving_utils: Compiled the loaded model, but the compiled metrics have yet to be built. `model.compile_metrics` will be empty until you train or evaluate the model.]
[2024-04-24 07:35:59,485: INFO: stage_02_prepare_base_model: >>>>>> stage Prepare base model completed <<<<<<

x==========x]
[2024-04-24 07:36:04,649: INFO: stage_02_prepare_base_model: *******************]
[2024-04-24 07:36:04,651: INFO: stage_02_prepare_base_model: >>>>>> stage Prepare base model started <<<<<<]
[2024-04-24 07:36:04,652: INFO: common: yaml file: config\config.yaml loaded successfully]
[2024-04-24 07:36:04,654: INFO: common: yaml file: params.yaml loaded successfully]
[2024-04-24 07:36:04,654: INFO: common: created directory at: artifacts]
[2024-04-24 07:36:04,655: INFO: common: created directory at: artifacts/prepare_base_model]
[2024-04-24 07:36:05,072: WARNING: saving_utils: Compiled the loaded model, but the compiled metrics have yet to be built. `model.compile_metrics` will be empty until you train or evaluate the model.]
[2024-04-24 07:36:05,842: INFO: stage_02_prepare_base_model: >>>>>> stage Prepare base model completed <<<<<<

x==========x]
[2024-04-24 07:36:32,134: INFO: main: >>>>>> stage Data Ingestion stage started <<<<<<]
[2024-04-24 07:36:32,135: INFO: common: yaml file: config\config.yaml loaded successfully]
[2024-04-24 07:36:32,136: INFO: common: yaml file: params.yaml loaded successfully]
[2024-04-24 07:36:32,138: INFO: common: created directory at: artifacts]
[2024-04-24 07:36:32,138: INFO: common: created directory at: artifacts/data_ingestion]
[2024-04-24 07:36:32,138: INFO: data_ingestion: Downloading data from https://drive.google.com/file/d/1vlhZ5c7abUKF8xXERIw6m9Te8fW7ohw3/view?usp=sharing into file artifacts/data_ingestion/data.zip]
[2024-04-24 07:36:50,019: INFO: data_ingestion: Downloaded data from https://drive.google.com/file/d/1vlhZ5c7abUKF8xXERIw6m9Te8fW7ohw3/view?usp=sharing into file artifacts/data_ingestion/data.zip]
[2024-04-24 07:36:50,973: INFO: main: >>>>>> stage Data Ingestion stage completed <<<<<<

x==========x]
[2024-04-24 07:36:50,974: INFO: main: *******************]
[2024-04-24 07:36:50,975: INFO: main: >>>>>> stage Prepare base model started <<<<<<]
[2024-04-24 07:36:50,976: INFO: common: yaml file: config\config.yaml loaded successfully]
[2024-04-24 07:36:50,977: INFO: common: yaml file: params.yaml loaded successfully]
[2024-04-24 07:36:50,978: INFO: common: created directory at: artifacts]
[2024-04-24 07:36:50,978: INFO: common: created directory at: artifacts/prepare_base_model]
[2024-04-24 07:36:51,394: WARNING: saving_utils: Compiled the loaded model, but the compiled metrics have yet to be built. `model.compile_metrics` will be empty until you train or evaluate the model.]
[2024-04-24 07:36:52,123: INFO: main: >>>>>> stage Prepare base model completed <<<<<<

x==========x]
[2024-04-24 07:36:52,124: INFO: main: welcome to logger]
[2024-04-24 07:45:55,138: INFO: common: yaml file: config\config.yaml loaded successfully]
[2024-04-24 07:45:55,142: INFO: common: yaml file: params.yaml loaded successfully]
[2024-04-24 07:45:55,143: INFO: common: created directory at: artifacts]
[2024-04-24 07:49:50,155: INFO: common: yaml file: config\config.yaml loaded successfully]
[2024-04-24 07:49:50,159: INFO: common: yaml file: params.yaml loaded successfully]
[2024-04-24 07:49:50,160: INFO: common: created directory at: artifacts]
[2024-04-24 09:39:05,948: INFO: main: >>>>>> stage Data Ingestion stage started <<<<<<]
[2024-04-24 09:39:05,949: INFO: common: yaml file: config\config.yaml loaded successfully]
[2024-04-24 09:39:05,951: INFO: common: yaml file: params.yaml loaded successfully]
[2024-04-24 09:39:05,952: INFO: common: created directory at: artifacts]
[2024-04-24 09:39:05,952: INFO: common: created directory at: artifacts/data_ingestion]
[2024-04-24 09:39:05,952: INFO: data_ingestion: Downloading data from https://drive.google.com/file/d/1vlhZ5c7abUKF8xXERIw6m9Te8fW7ohw3/view?usp=sharing into file artifacts/data_ingestion/data.zip]
[2024-04-24 09:39:23,475: INFO: data_ingestion: Downloaded data from https://drive.google.com/file/d/1vlhZ5c7abUKF8xXERIw6m9Te8fW7ohw3/view?usp=sharing into file artifacts/data_ingestion/data.zip]
[2024-04-24 09:39:24,417: INFO: main: >>>>>> stage Data Ingestion stage completed <<<<<<

x==========x]
[2024-04-24 09:39:24,418: INFO: main: *******************]
[2024-04-24 09:39:24,418: INFO: main: >>>>>> stage Prepare base model started <<<<<<]
[2024-04-24 09:39:24,420: INFO: common: yaml file: config\config.yaml loaded successfully]
[2024-04-24 09:39:24,421: INFO: common: yaml file: params.yaml loaded successfully]
[2024-04-24 09:39:24,422: INFO: common: created directory at: artifacts]
[2024-04-24 09:39:24,422: INFO: common: created directory at: artifacts/prepare_base_model]
[2024-04-24 09:39:24,849: WARNING: saving_utils: Compiled the loaded model, but the compiled metrics have yet to be built. `model.compile_metrics` will be empty until you train or evaluate the model.]
[2024-04-24 09:39:25,645: INFO: main: >>>>>> stage Prepare base model completed <<<<<<

x==========x]
[2024-04-24 09:39:25,646: INFO: main: welcome to logger]
[2024-04-24 09:39:25,646: INFO: main: *******************]
[2024-04-24 09:39:25,647: INFO: main: >>>>>> stage Training started <<<<<<]
[2024-04-24 09:39:25,647: ERROR: main: name 'ModelTrainingPipeline' is not defined]
Traceback (most recent call last):
  File "f:\Python\End_to_End\Kidney_Disease_Classification\main.py", line 41, in <module>
    model_trainer = ModelTrainingPipeline()
                    ^^^^^^^^^^^^^^^^^^^^^
NameError: name 'ModelTrainingPipeline' is not defined
[2024-04-24 09:39:47,218: INFO: stage_03_model_training: *******************]
[2024-04-24 09:39:47,219: INFO: stage_03_model_training: >>>>>> stage Training started <<<<<<]
[2024-04-24 09:39:47,220: INFO: common: yaml file: config\config.yaml loaded successfully]
[2024-04-24 09:39:47,222: INFO: common: yaml file: params.yaml loaded successfully]
[2024-04-24 09:39:47,223: INFO: common: created directory at: artifacts]
[2024-04-24 09:39:47,223: INFO: common: created directory at: artifacts\training]
[2024-04-24 09:40:50,420: INFO: stage_03_model_training: >>>>>> stage Training completed <<<<<<

x==========x]
